<?xml version="1.0" encoding="UTF-8"?>
<testng-results ignored="0" total="1" passed="1" failed="0" skipped="0">
  <reporter-output>
    <line>
      <![CDATA[Where is Selenium!!]]>
    </line>
  </reporter-output>
  <suite started-at="2023-06-01T22:56:32 IST" name="Default suite" finished-at="2023-06-01T22:56:32 IST" duration-ms="158">
    <groups>
    </groups>
    <test started-at="2023-06-01T22:56:32 IST" name="Default test" finished-at="2023-06-01T22:56:32 IST" duration-ms="158">
      <class name="testNGpackage.Sumo">
        <test-method signature="sumoMethod()[pri:0, instance:testNGpackage.Sumo@79b06cab]" started-at="2023-06-01T22:56:32 IST" name="sumoMethod" finished-at="2023-06-01T22:56:32 IST" duration-ms="36" status="PASS">
          <reporter-output>
            <line>
              <![CDATA[Where is Selenium!!]]>
            </line>
          </reporter-output>
        </test-method> <!-- sumoMethod -->
      </class> <!-- testNGpackage.Sumo -->
    </test> <!-- Default test -->
  </suite> <!-- Default suite -->
</testng-results>
